[debug] [2024-02-20T01:20:10.838Z] ----------------------------------------------------------------------
[debug] [2024-02-20T01:20:10.840Z] Command:       C:\Program Files\nodejs\node.exe C:\Users\YASH GOTHI\AppData\Roaming\npm\node_modules\firebase-tools\lib\bin\firebase.js init
[debug] [2024-02-20T01:20:10.840Z] CLI Version:   13.3.0
[debug] [2024-02-20T01:20:10.840Z] Platform:      win32
[debug] [2024-02-20T01:20:10.840Z] Node Version:  v21.6.2
[debug] [2024-02-20T01:20:10.840Z] Time:          Mon Feb 19 2024 20:20:10 GMT-0500 (Eastern Standard Time)
[debug] [2024-02-20T01:20:10.840Z] ----------------------------------------------------------------------
[debug] 
[debug] [2024-02-20T01:20:10.901Z] > command requires scopes: ["email","openid","https://www.googleapis.com/auth/cloudplatformprojects.readonly","https://www.googleapis.com/auth/firebase","https://www.googleapis.com/auth/cloud-platform"]
[debug] [2024-02-20T01:20:10.901Z] > authorizing via signed-in user (yashgothi14@gmail.com)
[info] 
     ######## #### ########  ######## ########     ###     ######  ########
     ##        ##  ##     ## ##       ##     ##  ##   ##  ##       ##
     ######    ##  ########  ######   ########  #########  ######  ######
     ##        ##  ##    ##  ##       ##     ## ##     ##       ## ##
     ##       #### ##     ## ######## ########  ##     ##  ######  ########

You're about to initialize a Firebase project in this directory:

  C:\Users\YASH GOTHI\OneDrive\Documents\new js\L25\student_project\client\stuapp

Before we get started, keep in mind:

  * You are initializing within an existing Firebase project directory

[info] 
=== Project Setup
[info] 
[info] First, let's associate this project directory with a Firebase project.
[info] You can create multiple project aliases by running firebase use --add, 
[info] but for now we'll just set up a default project.
[info] 
[debug] [2024-02-20T01:20:18.087Z] Using project from CLI flag: cuapp17feb24
[debug] [2024-02-20T01:20:18.089Z] >>> [apiv2][query] GET https://firebase.googleapis.com/v1beta1/projects/cuapp17feb24 [none]
[debug] [2024-02-20T01:20:18.752Z] <<< [apiv2][status] GET https://firebase.googleapis.com/v1beta1/projects/cuapp17feb24 200
[debug] [2024-02-20T01:20:18.753Z] <<< [apiv2][body] GET https://firebase.googleapis.com/v1beta1/projects/cuapp17feb24 {"projectId":"cuapp17feb24","projectNumber":"932374919173","displayName":"CuApp17feb24","name":"projects/cuapp17feb24","resources":{"hostingSite":"cuapp17feb24","realtimeDatabaseInstance":"cuapp17feb24-default-rtdb"},"state":"ACTIVE","etag":"1_fe9da397-844a-48c5-85ca-c54661940f83"}
[info] i  Using project cuapp17feb24 (CuApp17feb24) 
[info] 
=== Hosting:github Setup
[info] 
[info] i  Detected a .git folder at C:\Users\YASH GOTHI\OneDrive\Documents\new js\L25\student_project 
[info] i  Authorizing with GitHub to upload your service account to a GitHub repository's secrets store. 
[info] 
[info] Visit this URL on this device to log in:
[info] https://github.com/login/oauth/authorize?client_id=89cf50f02ac6aaed3484&state=689414395&redirect_uri=http%3A%2F%2Flocalhost%3A9005&scope=read%3Auser%20repo%20public_repo
[info] 
[info] Waiting for authentication...
[debug] [2024-02-20T01:20:19.252Z] >>> [apiv2][query] POST https://github.com/login/oauth/access_token [none]
[debug] [2024-02-20T01:20:19.253Z] >>> [apiv2][body] POST https://github.com/login/oauth/access_token [stream]
[debug] [2024-02-20T01:20:19.421Z] <<< [apiv2][status] POST https://github.com/login/oauth/access_token 200
[debug] [2024-02-20T01:20:19.421Z] <<< [apiv2][body] POST https://github.com/login/oauth/access_token {"access_token":"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","token_type":"bearer","scope":"read:user,repo"}
[debug] [2024-02-20T01:20:19.427Z] >>> [apiv2][query] GET https://api.github.com/user [none]
[debug] [2024-02-20T01:20:19.622Z] <<< [apiv2][status] GET https://api.github.com/user 200
[debug] [2024-02-20T01:20:19.622Z] <<< [apiv2][body] GET https://api.github.com/user {"login":"YashGothi","id":91591734,"node_id":"U_kgDOBXWUNg","avatar_url":"https://avatars.githubusercontent.com/u/91591734?v=4","gravatar_id":"","url":"https://api.github.com/users/YashGothi","html_url":"https://github.com/YashGothi","followers_url":"https://api.github.com/users/YashGothi/followers","following_url":"https://api.github.com/users/YashGothi/following{/other_user}","gists_url":"https://api.github.com/users/YashGothi/gists{/gist_id}","starred_url":"https://api.github.com/users/YashGothi/starred{/owner}{/repo}","subscriptions_url":"https://api.github.com/users/YashGothi/subscriptions","organizations_url":"https://api.github.com/users/YashGothi/orgs","repos_url":"https://api.github.com/users/YashGothi/repos","events_url":"https://api.github.com/users/YashGothi/events{/privacy}","received_events_url":"https://api.github.com/users/YashGothi/received_events","type":"User","site_admin":false,"name":null,"company":null,"blog":"","location":null,"email":null,"hireable":null,"bio":null,"twitter_username":null,"public_repos":2,"public_gists":0,"followers":0,"following":7,"created_at":"2021-09-29T07:08:00Z","updated_at":"2024-02-19T02:31:32Z","private_gists":0,"total_private_repos":0,"owned_private_repos":0,"disk_usage":1381,"collaborators":0,"two_factor_authentication":false,"plan":{"name":"pro","space":976562499,"collaborators":0,"private_repos":9999}}
[info] 
[info] +  Success! Logged into GitHub as YashGothi 
[info] 
